Build started 27.07.2012 22:11:30.
     1>Project "C:\Users\philipp\Downloads\wHack\wHack\wHack.vcxproj" on node 2 (build target(s)).
     1>InitializeBuildStatus:
         Creating "C:\Users\philipp\Downloads\wHack\wHack\_Build\Debug\wHack.unsuccessfulbuild" because "AlwaysCreate" was specified.
       ClCompile:
         c:\Program Files (x86)\Microsoft Visual Studio 10.0\VC\bin\CL.exe /c /ZI /nologo /W3 /WX- /Od /Oy- /D WIN32 /D _DEBUG /D _WINDOWS /D _USRDLL /D _VC80_UPGRADE=0x0710 /D _WINDLL /D _MBCS /Gm /EHsc /RTC1 /MDd /GS /fp:precise /Zc:wchar_t /Zc:forScope /Fo"C:\Users\philipp\Downloads\wHack\wHack\_Build\Debug\\" /Fd"C:\Users\philipp\Downloads\wHack\wHack\_Build\Debug\vc100.pdb" /Gd /TP /analyze- /errorReport:prompt CloakDLL.cpp Feed.cpp Main.cpp MapHack.cpp Mute.cpp SafeClick.cpp WC3.cpp
         WC3.cpp
         SafeClick.cpp
         Mute.cpp
         MapHack.cpp
     1>c:\users\philipp\downloads\whack\whack\maphack.cpp(167): error C2146: syntax error : missing ')' before identifier 'GetName'
     1>c:\users\philipp\downloads\whack\whack\maphack.cpp(167): error C2059: syntax error : ')'
         Main.cpp
         Feed.cpp
         CloakDLL.cpp
         Generating Code...
     1>Done Building Project "C:\Users\philipp\Downloads\wHack\wHack\wHack.vcxproj" (build target(s)) -- FAILED.

Build FAILED.

Time Elapsed 00:00:02.66
